2015.06.12 17:31:20 org.eclipse.jetty.util.component.AbstractLifeCycle - FAILED ServerConnector@446dcf38{HTTP/1.1}{0.0.0.0:9090}: java.net.BindException: Address already in use: bind
java.net.BindException: Address already in use: bind
	at sun.nio.ch.Net.bind0(Native Method)
	at sun.nio.ch.Net.bind(Net.java:444)
	at sun.nio.ch.Net.bind(Net.java:436)
	at sun.nio.ch.ServerSocketChannelImpl.bind(ServerSocketChannelImpl.java:214)
	at sun.nio.ch.ServerSocketAdaptor.bind(ServerSocketAdaptor.java:74)
	at org.eclipse.jetty.server.ServerConnector.open(ServerConnector.java:321)
	at org.eclipse.jetty.server.AbstractNetworkConnector.doStart(AbstractNetworkConnector.java:80)
	at org.eclipse.jetty.server.ServerConnector.doStart(ServerConnector.java:236)
	at org.eclipse.jetty.util.component.AbstractLifeCycle.start(AbstractLifeCycle.java:68)
	at org.eclipse.jetty.server.Server.doStart(Server.java:366)
	at org.eclipse.jetty.util.component.AbstractLifeCycle.start(AbstractLifeCycle.java:68)
	at org.jivesoftware.openfire.container.AdminConsolePlugin.startup(AdminConsolePlugin.java:199)
	at org.jivesoftware.openfire.container.AdminConsolePlugin.initializePlugin(AdminConsolePlugin.java:234)
	at org.jivesoftware.openfire.container.PluginManager.loadPlugin(PluginManager.java:477)
	at org.jivesoftware.openfire.container.PluginManager.access$1(PluginManager.java:278)
	at org.jivesoftware.openfire.container.PluginManager$PluginMonitor.run(PluginManager.java:1068)
	at java.util.concurrent.Executors$RunnableAdapter.call(Executors.java:471)
	at java.util.concurrent.FutureTask.runAndReset(FutureTask.java:304)
	at java.util.concurrent.ScheduledThreadPoolExecutor$ScheduledFutureTask.access$301(ScheduledThreadPoolExecutor.java:178)
	at java.util.concurrent.ScheduledThreadPoolExecutor$ScheduledFutureTask.run(ScheduledThreadPoolExecutor.java:293)
	at java.util.concurrent.ThreadPoolExecutor.runWorker(ThreadPoolExecutor.java:1145)
	at java.util.concurrent.ThreadPoolExecutor$Worker.run(ThreadPoolExecutor.java:615)
	at java.lang.Thread.run(Thread.java:745)
2015.06.12 17:31:20 org.eclipse.jetty.util.component.AbstractLifeCycle - FAILED org.eclipse.jetty.server.Server@28768bdb: java.net.BindException: Address already in use: bind
java.net.BindException: Address already in use: bind
	at sun.nio.ch.Net.bind0(Native Method)
	at sun.nio.ch.Net.bind(Net.java:444)
	at sun.nio.ch.Net.bind(Net.java:436)
	at sun.nio.ch.ServerSocketChannelImpl.bind(ServerSocketChannelImpl.java:214)
	at sun.nio.ch.ServerSocketAdaptor.bind(ServerSocketAdaptor.java:74)
	at org.eclipse.jetty.server.ServerConnector.open(ServerConnector.java:321)
	at org.eclipse.jetty.server.AbstractNetworkConnector.doStart(AbstractNetworkConnector.java:80)
	at org.eclipse.jetty.server.ServerConnector.doStart(ServerConnector.java:236)
	at org.eclipse.jetty.util.component.AbstractLifeCycle.start(AbstractLifeCycle.java:68)
	at org.eclipse.jetty.server.Server.doStart(Server.java:366)
	at org.eclipse.jetty.util.component.AbstractLifeCycle.start(AbstractLifeCycle.java:68)
	at org.jivesoftware.openfire.container.AdminConsolePlugin.startup(AdminConsolePlugin.java:199)
	at org.jivesoftware.openfire.container.AdminConsolePlugin.initializePlugin(AdminConsolePlugin.java:234)
	at org.jivesoftware.openfire.container.PluginManager.loadPlugin(PluginManager.java:477)
	at org.jivesoftware.openfire.container.PluginManager.access$1(PluginManager.java:278)
	at org.jivesoftware.openfire.container.PluginManager$PluginMonitor.run(PluginManager.java:1068)
	at java.util.concurrent.Executors$RunnableAdapter.call(Executors.java:471)
	at java.util.concurrent.FutureTask.runAndReset(FutureTask.java:304)
	at java.util.concurrent.ScheduledThreadPoolExecutor$ScheduledFutureTask.access$301(ScheduledThreadPoolExecutor.java:178)
	at java.util.concurrent.ScheduledThreadPoolExecutor$ScheduledFutureTask.run(ScheduledThreadPoolExecutor.java:293)
	at java.util.concurrent.ThreadPoolExecutor.runWorker(ThreadPoolExecutor.java:1145)
	at java.util.concurrent.ThreadPoolExecutor$Worker.run(ThreadPoolExecutor.java:615)
	at java.lang.Thread.run(Thread.java:745)
